2022/11/05 19:53:10 server.go:149: gstunnel server.
2022/11/05 19:53:10 server.go:151: VER: V6.2.30.8
2022/11/05 19:53:10 server.go:165: debug: true
2022/11/05 19:53:10 server.go:167: Mt_model: true
2022/11/05 19:53:10 server.go:168: tmr_display_time: 6s
2022/11/05 19:53:10 server.go:169: tmr_changekey_time: 1m0s
2022/11/05 19:53:10 server.go:170: networkTimeout: 1m0s
2022/11/05 19:53:10 server.go:172: info_protobuf: true
2022/11/05 19:53:10 server.go:178: pprof server listen: localhost:6070
2022/11/05 19:53:10 server_test.go:27: 

2022/11/05 19:53:10 server_test.go:28: [Test_server_NetPipe_st] start.
2022/11/05 19:53:10 server_test_in.go:54: [inTest_server_NetPipe] start.
2022/11/05 19:53:10 server.go:235: Test_Mt_model: false
2022/11/05 19:53:10 server.go:242: Gstunnel go.
2022/11/05 19:53:10 server_test_in.go:76: testCacheSize[MiB]: 200
2022/11/05 19:53:10 server_test_in.go:78: inTest_server_NetPipe data transfer start.
2022/11/05 19:53:12 server_test_in.go:48: [runtime.GC] start.
2022/11/05 19:53:12 server_test_in.go:50: [runtime.GC] end.
2022/11/05 19:53:12 server_test_in.go:48: [runtime.GC] start.
2022/11/05 19:53:12 server_srcTodstP_st.go:97: Info: [1] EOF
2022/11/05 19:53:12 server_test_in.go:50: [runtime.GC] end.
2022/11/05 19:53:12 server_srcTodstP_st.go:63: [1] gorou exit.
	src: [localIp:pipe  remoteIp:pipe]
	dst: [localIp:pipe  remoteIp:pipe]
	pack  trlen:209715200  twlen:225902076  ChangeCryKey_total:1
	read time: max:115.6006ms  min:0s  avg:4.404µs  sum:225.4894ms  count:51200
	write time: max:10.1835ms  min:0s  avg:32.887µs  sum:1.6838165s  count:51200
2022/11/05 19:53:12 server_srcTOdstUn_st.go:81: Info: [1] io: read/write on closed pipe
2022/11/05 19:53:12 server_srcTOdstUn_st.go:56: [1] gorou exit.
	src: [localIp:pipe  remoteIp:pipe]
	dst: [localIp:pipe  remoteIp:pipe]
	unpack trlen:225863023  twlen:209715200
	read time: max:116.0446ms  min:0s  avg:15.966µs  sum:1.6349422s  count:102400
	write time: max:10.0174ms  min:0s  avg:4.026µs  sum:206.1388ms  count:51200
2022/11/05 19:53:12 server_test_in.go:118: [inTest_server_NetPipe] end.
2022/11/05 19:53:12 server_test_in.go:120: [pipe run time(sec)]: 2.7375677
2022/11/05 19:53:12 server_test.go:30: [Test_server_NetPipe_st] end.

