2022/11/05 19:54:28 server_srcTodstP_st.go:63: [1] gorou exit.
	src: [localIp:pipe  remoteIp:pipe]
	dst: [localIp:pipe  remoteIp:pipe]
	pack  trlen:209715200  twlen:225867129  ChangeCryKey_total:1
	read time: max:92.8902ms  min:0s  avg:4.174µs  sum:213.7309ms  count:51200
	write time: max:10.1128ms  min:0s  avg:30.237µs  sum:1.5481436s  count:51200
2022/11/05 19:54:28 server_srcTOdstUn_st.go:56: [1] gorou exit.
	src: [localIp:pipe  remoteIp:pipe]
	dst: [localIp:pipe  remoteIp:pipe]
	unpack trlen:225889922  twlen:209715200
	read time: max:96.0203ms  min:0s  avg:14.334µs  sum:1.4678431s  count:102400
	write time: max:10.0216ms  min:0s  avg:3.522µs  sum:180.3558ms  count:51200
2022/11/05 19:54:31 server_srcTodstP_mt.go:64: [2] gorou exit.
	src: [localIp:pipe  remoteIp:pipe]
	pack  trlen:209715200  ChangeCryKey_total:1
	read time: max:114.5486ms  min:0s  avg:4.34µs  sum:222.2567ms  count:51200
2022/11/05 19:54:31 server_srcTodstP_mt_w.go:54: [2] gorou exit.
	dst: [localIp:pipe  remoteIp:pipe]
	pack  twlen:225846561
	write time: max:10.4195ms  min:0s  avg:52.199µs  sum:2.6726196s  count:51200
2022/11/05 19:54:31 server_srcTOdstUn_mt.go:67: [2] gorou exit.
	src: [localIp:pipe  remoteIp:pipe]
	unpack  trlen:225886530
	read time: max:118.7642ms  min:0s  avg:26.705µs  sum:2.7346563s  count:102400
2022/11/05 19:54:31 server_srcTOdstUn_mt_w.go:61: [2] gorou exit.
	dst: [localIp:pipe  remoteIp:pipe]
	unpack  twlen:209715200
	write time: max:10.0233ms  min:0s  avg:4.969µs  sum:254.4399ms  count:51200
